<?xml version="1.0" encoding="UTF-8"?>
<!-- Generated by org.testng.reporters.JUnitReportReporter -->
<testsuite hostname="ihsanbasoeky" failures="0" tests="4" name="rahulshettyacademy.tests.SubmitOrderTest" time="24.680" errors="0" timestamp="2024-04-19T17:34:47 WIB" skipped="0">
  <testcase classname="rahulshettyacademy.tests.SubmitOrderTest" name="submitOrder" time="6.013"/>
  <testcase classname="rahulshettyacademy.tests.SubmitOrderTest" name="orderHistory" time="4.026"/>
  <testcase classname="rahulshettyacademy.tests.SubmitOrderTest" name="orderHistory" time="4.916"/>
  <testcase classname="rahulshettyacademy.tests.SubmitOrderTest" name="submitOrder" time="9.725"/>
</testsuite> <!-- rahulshettyacademy.tests.SubmitOrderTest -->
