<?xml version="1.0" encoding="UTF-8"?>
<!-- Generated by org.testng.reporters.JUnitReportReporter -->
<testsuite hostname="ihsanbasoeky" failures="0" tests="1" name="cucumber.TestNGTestRunner" time="7.873" errors="0" timestamp="2024-04-23T01:56:59 WIB" skipped="0">
  <testcase classname="cucumber.TestNGTestRunner" name="runScenario" time="7.873"/>
</testsuite> <!-- cucumber.TestNGTestRunner -->
