<?xml version="1.0" encoding="UTF-8"?>
<!-- Generated by org.testng.reporters.JUnitReportReporter -->
<testsuite hostname="ihsanbasoeky" failures="0" tests="4" name="rahulshettyacademy.tests.SubmitOrderTest" time="20.739" errors="0" timestamp="2024-04-23T02:43:47 WIB" skipped="0">
  <testcase classname="rahulshettyacademy.tests.SubmitOrderTest" name="orderHistory" time="4.373"/>
  <testcase classname="rahulshettyacademy.tests.SubmitOrderTest" name="submitOrder" time="6.154"/>
  <testcase classname="rahulshettyacademy.tests.SubmitOrderTest" name="orderHistory" time="3.977"/>
  <testcase classname="rahulshettyacademy.tests.SubmitOrderTest" name="submitOrder" time="6.235"/>
</testsuite> <!-- rahulshettyacademy.tests.SubmitOrderTest -->
