<?xml version="1.0" encoding="UTF-8"?>
<!-- Generated by org.testng.reporters.JUnitReportReporter -->
<testsuite hostname="ihsanbasoeky" failures="0" tests="2" name="rahulshettyacademy.tests.ErrorValidationsTest" time="10.581" errors="0" timestamp="2024-04-23T02:43:47 WIB" skipped="0">
  <testcase classname="rahulshettyacademy.tests.ErrorValidationsTest" name="ProductErrorValidation" time="5.341"/>
  <testcase classname="rahulshettyacademy.tests.ErrorValidationsTest" name="LoginErrorValidation" time="5.240"/>
</testsuite> <!-- rahulshettyacademy.tests.ErrorValidationsTest -->
